2025-03-31 12:39:21,720 - homeassistant.components.zte_router - DEBUG - Generating SMS time
2025-03-31 12:39:21,720 - homeassistant.components.zte_router - INFO - Initializing ZTE Router with IP 192.168.100.1, Username: None, Password: Dbe1413aaf
2025-03-31 12:39:21,817 - homeassistant.components.zte_router - INFO - Protocol set to https
2025-03-31 12:39:21,817 - homeassistant.components.zte_router - DEBUG - Checking for existing SSL certificate file: /tmp/zte_router_cert.pem
2025-03-31 12:39:21,817 - homeassistant.components.zte_router - DEBUG - Retrieving SSL certificate for 192.168.100.1:443
2025-03-31 12:39:21,868 - homeassistant.components.zte_router - INFO - SSL certificate for 192.168.100.1:443 retrieved and stored successfully
2025-03-31 12:39:21,869 - homeassistant.components.zte_router - DEBUG - Parsing PEM certificate
2025-03-31 12:39:21,874 - homeassistant.components.zte_router - DEBUG - Certificate parsed successfully, logging is disabled.
2025-03-31 12:39:21,874 - homeassistant.components.zte_router - INFO - Command: 7, Username: None, Password: Dbe1413aaf
2025-03-31 12:39:21,874 - homeassistant.components.zte_router - DEBUG - Fetching comprehensive ZTE info (zteinfo3) with hybrid splitting
2025-03-31 12:39:21,874 - homeassistant.components.zte_router - DEBUG - Fetching LD value
2025-03-31 12:39:21,930 - homeassistant.components.zte_router - INFO - LD: C572F035A7D4B3D4DFF562306BA157582C1C27CBB6449C07F7E1D5CE20ECC00F
2025-03-31 12:39:21,931 - homeassistant.components.zte_router - DEBUG - Getting cookie for username: None, password: Dbe1413aaf, LD: C572F035A7D4B3D4DFF562306BA157582C1C27CBB6449C07F7E1D5CE20ECC00F
2025-03-31 12:39:21,931 - homeassistant.components.zte_router - INFO - No existing session file found.
2025-03-31 12:39:21,931 - homeassistant.components.zte_router - DEBUG - Hashed string: bce3aea40dce82d8e74a0a1a898339b215db3c61f6b913341973b525c71423dc
2025-03-31 12:39:21,931 - homeassistant.components.zte_router - DEBUG - Hashed string: c6b12751d87a9eae8b80ed9d4e6d21e15d91748735d3b41b4eec5f14bc527ed4
2025-03-31 12:39:21,931 - homeassistant.components.zte_router - DEBUG - Calculating AD value
2025-03-31 12:39:21,931 - homeassistant.components.zte_router - DEBUG - Fetching router version
2025-03-31 12:39:21,988 - homeassistant.components.zte_router - INFO - Router version: BD_ATMC888AULTRAV1.0.0B20
2025-03-31 12:39:22,048 - homeassistant.components.zte_router - INFO - AD: 0B301E40EF77E87CD61F4C7B22622980304632171184DE6B546C5553B3A48C95
2025-03-31 12:39:22,155 - homeassistant.components.zte_router - INFO - Session saved to disk.
2025-03-31 12:39:22,155 - homeassistant.components.zte_router - INFO - Obtained new session cookie: stok=DB2868CC572FB5E92571058BBFC1C1D8C9BF84F3A7FAC258F9A2DF0A5108CDD1
2025-03-31 12:39:22,226 - homeassistant.components.zte_router - DEBUG - Fetched system_info (chunk 1) with 10 values
2025-03-31 12:39:22,299 - homeassistant.components.zte_router - DEBUG - Fetched radio_network (chunk 1) with 60 values
2025-03-31 12:39:22,352 - homeassistant.components.zte_router - DEBUG - Fetched radio_network (chunk 2) with 9 values
2025-03-31 12:39:22,416 - homeassistant.components.zte_router - DEBUG - Fetched connectivity (chunk 1) with 15 values
2025-03-31 12:39:22,480 - homeassistant.components.zte_router - DEBUG - Fetched wifi (chunk 1) with 24 values
2025-03-31 12:39:22,541 - homeassistant.components.zte_router - DEBUG - Fetched power_sensors (chunk 1) with 9 values
2025-03-31 12:39:22,608 - homeassistant.components.zte_router - DEBUG - Fetched misc (chunk 1) with 40 values
2025-03-31 12:39:22,665 - homeassistant.components.zte_router - DEBUG - Fetched dns_config (chunk 1) with 3 values
2025-03-31 12:39:22,724 - homeassistant.components.zte_router - DEBUG - Fetched unclassified (chunk 1) with 3 values
2025-03-31 12:39:22,725 - homeassistant.components.zte_router - INFO - Fetched comprehensive ZTE info successfully using hybrid strategy
